Analysis & Synthesis report for DE1_SoC
Fri May  8 13:34:06 2026
Quartus Prime Version 24.1std.0 Build 1077 03/04/2025 SC Lite Edition


---------------------
; Table of Contents ;
---------------------
  1. Legal Notice
  2. Analysis & Synthesis Summary
  3. Analysis & Synthesis Settings
  4. Parallel Compilation
  5. Analysis & Synthesis Messages
  6. Analysis & Synthesis Suppressed Messages



----------------
; Legal Notice ;
----------------
Copyright (C) 2025  Altera Corporation. All rights reserved.
Your use of Altera Corporation's design tools, logic functions 
and other software and tools, and any partner logic 
functions, and any output files from any of the foregoing 
(including device programming or simulation files), and any 
associated documentation or information are expressly subject 
to the terms and conditions of the Altera Program License 
Subscription Agreement, the Altera Quartus Prime License Agreement,
the Altera IP License Agreement, or other applicable license
agreement, including, without limitation, that your use is for
the sole purpose of programming logic devices manufactured by
Altera and sold by Altera or its authorized distributors.  Please
refer to the Altera Software License Subscription Agreements 
on the Quartus Prime software download page.



+-------------------------------------------------------------------------------+
; Analysis & Synthesis Summary                                                  ;
+-----------------------------+-------------------------------------------------+
; Analysis & Synthesis Status ; Failed - Fri May  8 13:34:05 2026               ;
; Quartus Prime Version       ; 24.1std.0 Build 1077 03/04/2025 SC Lite Edition ;
; Revision Name               ; DE1_SoC                                         ;
; Top-level Entity Name       ; binarySearch_tb                                 ;
; Family                      ; Cyclone V                                       ;
; Logic utilization (in ALMs) ; N/A until Partition Merge                       ;
; Total registers             ; N/A until Partition Merge                       ;
; Total pins                  ; N/A until Partition Merge                       ;
; Total virtual pins          ; N/A until Partition Merge                       ;
; Total block memory bits     ; N/A until Partition Merge                       ;
; Total PLLs                  ; N/A until Partition Merge                       ;
; Total DLLs                  ; N/A until Partition Merge                       ;
+-----------------------------+-------------------------------------------------+


+---------------------------------------------------------------------------------------------------------------------------+
; Analysis & Synthesis Settings                                                                                             ;
+---------------------------------------------------------------------------------+--------------------+--------------------+
; Option                                                                          ; Setting            ; Default Value      ;
+---------------------------------------------------------------------------------+--------------------+--------------------+
; Device                                                                          ; 5CGXFC7C7F23C8     ;                    ;
; Top-level entity name                                                           ; binarySearch_tb    ; DE1_SoC            ;
; Family name                                                                     ; Cyclone V          ; Cyclone V          ;
; Use smart compilation                                                           ; Off                ; Off                ;
; Enable parallel Assembler and Timing Analyzer during compilation                ; On                 ; On                 ;
; Enable compact report table                                                     ; Off                ; Off                ;
; Restructure Multiplexers                                                        ; Auto               ; Auto               ;
; MLAB Add Timing Constraints For Mixed-Port Feed-Through Mode Setting Don't Care ; Off                ; Off                ;
; Create Debugging Nodes for IP Cores                                             ; Off                ; Off                ;
; Preserve fewer node names                                                       ; On                 ; On                 ;
; Intel FPGA IP Evaluation Mode                                                   ; Enable             ; Enable             ;
; Verilog Version                                                                 ; Verilog_2001       ; Verilog_2001       ;
; VHDL Version                                                                    ; VHDL_1993          ; VHDL_1993          ;
; State Machine Processing                                                        ; Auto               ; Auto               ;
; Safe State Machine                                                              ; Off                ; Off                ;
; Extract Verilog State Machines                                                  ; On                 ; On                 ;
; Extract VHDL State Machines                                                     ; On                 ; On                 ;
; Ignore Verilog initial constructs                                               ; Off                ; Off                ;
; Iteration limit for constant Verilog loops                                      ; 5000               ; 5000               ;
; Iteration limit for non-constant Verilog loops                                  ; 250                ; 250                ;
; Add Pass-Through Logic to Inferred RAMs                                         ; On                 ; On                 ;
; Infer RAMs from Raw Logic                                                       ; On                 ; On                 ;
; Parallel Synthesis                                                              ; On                 ; On                 ;
; DSP Block Balancing                                                             ; Auto               ; Auto               ;
; NOT Gate Push-Back                                                              ; On                 ; On                 ;
; Power-Up Don't Care                                                             ; On                 ; On                 ;
; Remove Redundant Logic Cells                                                    ; Off                ; Off                ;
; Remove Duplicate Registers                                                      ; On                 ; On                 ;
; Ignore CARRY Buffers                                                            ; Off                ; Off                ;
; Ignore CASCADE Buffers                                                          ; Off                ; Off                ;
; Ignore GLOBAL Buffers                                                           ; Off                ; Off                ;
; Ignore ROW GLOBAL Buffers                                                       ; Off                ; Off                ;
; Ignore LCELL Buffers                                                            ; Off                ; Off                ;
; Ignore SOFT Buffers                                                             ; On                 ; On                 ;
; Limit AHDL Integers to 32 Bits                                                  ; Off                ; Off                ;
; Optimization Technique                                                          ; Balanced           ; Balanced           ;
; Carry Chain Length                                                              ; 70                 ; 70                 ;
; Auto Carry Chains                                                               ; On                 ; On                 ;
; Auto Open-Drain Pins                                                            ; On                 ; On                 ;
; Perform WYSIWYG Primitive Resynthesis                                           ; Off                ; Off                ;
; Auto ROM Replacement                                                            ; On                 ; On                 ;
; Auto RAM Replacement                                                            ; On                 ; On                 ;
; Auto DSP Block Replacement                                                      ; On                 ; On                 ;
; Auto Shift Register Replacement                                                 ; Auto               ; Auto               ;
; Allow Shift Register Merging across Hierarchies                                 ; Auto               ; Auto               ;
; Auto Clock Enable Replacement                                                   ; On                 ; On                 ;
; Strict RAM Replacement                                                          ; Off                ; Off                ;
; Allow Synchronous Control Signals                                               ; On                 ; On                 ;
; Force Use of Synchronous Clear Signals                                          ; Off                ; Off                ;
; Auto Resource Sharing                                                           ; Off                ; Off                ;
; Allow Any RAM Size For Recognition                                              ; Off                ; Off                ;
; Allow Any ROM Size For Recognition                                              ; Off                ; Off                ;
; Allow Any Shift Register Size For Recognition                                   ; Off                ; Off                ;
; Use LogicLock Constraints during Resource Balancing                             ; On                 ; On                 ;
; Ignore translate_off and synthesis_off directives                               ; Off                ; Off                ;
; Timing-Driven Synthesis                                                         ; On                 ; On                 ;
; Report Parameter Settings                                                       ; On                 ; On                 ;
; Report Source Assignments                                                       ; On                 ; On                 ;
; Report Connectivity Checks                                                      ; On                 ; On                 ;
; Ignore Maximum Fan-Out Assignments                                              ; Off                ; Off                ;
; Synchronization Register Chain Length                                           ; 3                  ; 3                  ;
; Power Optimization During Synthesis                                             ; Normal compilation ; Normal compilation ;
; HDL message level                                                               ; Level2             ; Level2             ;
; Suppress Register Optimization Related Messages                                 ; Off                ; Off                ;
; Number of Removed Registers Reported in Synthesis Report                        ; 5000               ; 5000               ;
; Number of Swept Nodes Reported in Synthesis Report                              ; 5000               ; 5000               ;
; Number of Inverted Registers Reported in Synthesis Report                       ; 100                ; 100                ;
; Clock MUX Protection                                                            ; On                 ; On                 ;
; Auto Gated Clock Conversion                                                     ; Off                ; Off                ;
; Block Design Naming                                                             ; Auto               ; Auto               ;
; SDC constraint protection                                                       ; Off                ; Off                ;
; Synthesis Effort                                                                ; Auto               ; Auto               ;
; Shift Register Replacement - Allow Asynchronous Clear Signal                    ; On                 ; On                 ;
; Pre-Mapping Resynthesis Optimization                                            ; Off                ; Off                ;
; Analysis & Synthesis Message Level                                              ; Medium             ; Medium             ;
; Disable Register Merging Across Hierarchies                                     ; Auto               ; Auto               ;
; Resource Aware Inference For Block RAM                                          ; On                 ; On                 ;
; Automatic Parallel Synthesis                                                    ; On                 ; On                 ;
; Partial Reconfiguration Bitstream ID                                            ; Off                ; Off                ;
+---------------------------------------------------------------------------------+--------------------+--------------------+


+------------------------------------------+
; Parallel Compilation                     ;
+----------------------------+-------------+
; Processors                 ; Number      ;
+----------------------------+-------------+
; Number detected on machine ; 12          ;
; Maximum allowed            ; 10          ;
;                            ;             ;
; Average used               ; 1.00        ;
; Maximum used               ; 1           ;
;                            ;             ;
; Usage by Processor         ; % Time Used ;
;     Processor 1            ; 100.0%      ;
+----------------------------+-------------+


+-------------------------------+
; Analysis & Synthesis Messages ;
+-------------------------------+
Info: *******************************************************************
Info: Running Quartus Prime Analysis & Synthesis
    Info: Version 24.1std.0 Build 1077 03/04/2025 SC Lite Edition
    Info: Processing started: Fri May  8 13:33:54 2026
Info: Command: quartus_map --read_settings_files=on --write_settings_files=off DE1_SoC -c DE1_SoC
Warning (18236): Number of processors has not been specified which may cause overloading on shared machines.  Set the global assignment NUM_PARALLEL_PROCESSORS in your QSF to an appropriate value for best performance.
Info (20030): Parallel compilation is enabled and will use 10 of the 10 processors detected
Info (12021): Found 1 design units, including 1 entities, in source file d_ff.sv
    Info (12023): Found entity 1: D_FF File: C:/Users/becca/Documents/GitHub/371_lab-4---Implementing-Algorithms-in-Hardware/D_FF.sv Line: 4
Info (12021): Found 1 design units, including 1 entities, in source file seg7.sv
    Info (12023): Found entity 1: seg7 File: C:/Users/becca/Documents/GitHub/371_lab-4---Implementing-Algorithms-in-Hardware/seg7.sv Line: 10
Info (12021): Found 1 design units, including 1 entities, in source file bitcounter.sv
    Info (12023): Found entity 1: bitCounter File: C:/Users/becca/Documents/GitHub/371_lab-4---Implementing-Algorithms-in-Hardware/bitCounter.sv Line: 2
Info (12021): Found 1 design units, including 1 entities, in source file de1_soc.sv
    Info (12023): Found entity 1: DE1_SoC File: C:/Users/becca/Documents/GitHub/371_lab-4---Implementing-Algorithms-in-Hardware/DE1_SoC.sv Line: 3
Info (12021): Found 1 design units, including 1 entities, in source file bitcounter_controller.sv
    Info (12023): Found entity 1: bitCounter_controller File: C:/Users/becca/Documents/GitHub/371_lab-4---Implementing-Algorithms-in-Hardware/bitCounter_controller.sv Line: 4
Info (12021): Found 1 design units, including 1 entities, in source file bitcounter_datapath.sv
    Info (12023): Found entity 1: bitCounter_datapath File: C:/Users/becca/Documents/GitHub/371_lab-4---Implementing-Algorithms-in-Hardware/bitCounter_datapath.sv Line: 4
Info (12021): Found 1 design units, including 1 entities, in source file bitcounter_tb.sv
    Info (12023): Found entity 1: bitCounter_tb File: C:/Users/becca/Documents/GitHub/371_lab-4---Implementing-Algorithms-in-Hardware/bitCounter_tb.sv Line: 1
Info (12021): Found 1 design units, including 1 entities, in source file binarysearch_datapath.sv
    Info (12023): Found entity 1: binarySearch_datapath File: C:/Users/becca/Documents/GitHub/371_lab-4---Implementing-Algorithms-in-Hardware/binarySearch_datapath.sv Line: 6
Info (12021): Found 1 design units, including 1 entities, in source file binarysearch.sv
    Info (12023): Found entity 1: binarySearch File: C:/Users/becca/Documents/GitHub/371_lab-4---Implementing-Algorithms-in-Hardware/binarySearch.sv Line: 2
Info (12021): Found 1 design units, including 1 entities, in source file binarysearch_controller.sv
    Info (12023): Found entity 1: binarySearch_controller File: C:/Users/becca/Documents/GitHub/371_lab-4---Implementing-Algorithms-in-Hardware/binarySearch_controller.sv Line: 4
Info (12021): Found 0 design units, including 0 entities, in source file de1_soc_tb.sv
Error (10170): Verilog HDL syntax error at binarySearch_tb.sv(27) near text: "(";  expecting "property". Check for and fix any syntax errors that appear immediately before or at the specified keyword. The Intel FPGA Knowledge Database contains many articles with specific details on how to resolve this error. Visit the Knowledge Database at https://www.altera.com/support/support-resources/knowledge-base/search.html and search for this specific error message number. File: C:/Users/becca/Documents/GitHub/371_lab-4---Implementing-Algorithms-in-Hardware/binarySearch_tb.sv Line: 27
Error (10149): Verilog HDL Declaration error at binarySearch_tb.sv(27): identifier "A" is already declared in the present scope File: C:/Users/becca/Documents/GitHub/371_lab-4---Implementing-Algorithms-in-Hardware/binarySearch_tb.sv Line: 27
Error (10149): Verilog HDL Declaration error at binarySearch_tb.sv(27): identifier "found" is already declared in the present scope File: C:/Users/becca/Documents/GitHub/371_lab-4---Implementing-Algorithms-in-Hardware/binarySearch_tb.sv Line: 27
Error (10149): Verilog HDL Declaration error at binarySearch_tb.sv(27): identifier "Loc" is already declared in the present scope File: C:/Users/becca/Documents/GitHub/371_lab-4---Implementing-Algorithms-in-Hardware/binarySearch_tb.sv Line: 27
Error (10170): Verilog HDL syntax error at binarySearch_tb.sv(27) near text: ")";  expecting ";". Check for and fix any syntax errors that appear immediately before or at the specified keyword. The Intel FPGA Knowledge Database contains many articles with specific details on how to resolve this error. Visit the Knowledge Database at https://www.altera.com/support/support-resources/knowledge-base/search.html and search for this specific error message number. File: C:/Users/becca/Documents/GitHub/371_lab-4---Implementing-Algorithms-in-Hardware/binarySearch_tb.sv Line: 27
Error (10112): Ignored design unit "binarySearch_tb" at binarySearch_tb.sv(3) due to previous errors File: C:/Users/becca/Documents/GitHub/371_lab-4---Implementing-Algorithms-in-Hardware/binarySearch_tb.sv Line: 3
Info (12021): Found 0 design units, including 0 entities, in source file binarysearch_tb.sv
Info (12021): Found 1 design units, including 1 entities, in source file ram32x8.v
    Info (12023): Found entity 1: ram32x8 File: C:/Users/becca/Documents/GitHub/371_lab-4---Implementing-Algorithms-in-Hardware/ram32x8.v Line: 40
Info (144001): Generated suppressed messages file C:/Users/becca/Documents/GitHub/371_lab-4---Implementing-Algorithms-in-Hardware/DE1_SoC.map.smsg
Error: Quartus Prime Analysis & Synthesis was unsuccessful. 6 errors, 1 warning
    Error: Peak virtual memory: 4800 megabytes
    Error: Processing ended: Fri May  8 13:34:06 2026
    Error: Elapsed time: 00:00:12
    Error: Total CPU time (on all processors): 00:00:27


+------------------------------------------+
; Analysis & Synthesis Suppressed Messages ;
+------------------------------------------+
The suppressed messages can be found in C:/Users/becca/Documents/GitHub/371_lab-4---Implementing-Algorithms-in-Hardware/DE1_SoC.map.smsg.


